{"/Users/liangdong/Desktop/hook/src/useCounter/index.ts": {"path":"/Users/liangdong/Desktop/hook/src/useCounter/index.ts","statementMap":{"0":{"start":{"line":1,"column":0},"end":{"line":1,"column":46}},"1":{"start":{"line":4,"column":28},"end":{"line":4,"column":47}},"2":{"start":{"line":5,"column":14},"end":{"line":5,"column":59}},"3":{"start":{"line":5,"column":32},"end":{"line":5,"column":54}},"4":{"start":{"line":5,"column":48},"end":{"line":5,"column":53}},"5":{"start":{"line":6,"column":14},"end":{"line":6,"column":59}},"6":{"start":{"line":6,"column":32},"end":{"line":6,"column":54}},"7":{"start":{"line":6,"column":48},"end":{"line":6,"column":53}},"8":{"start":{"line":8,"column":2},"end":{"line":12,"column":4}},"9":{"start":{"line":15,"column":0},"end":{"line":15,"column":26}}},"fnMap":{"0":{"name":"useCounter","decl":{"start":{"line":3,"column":9},"end":{"line":3,"column":19}},"loc":{"start":{"line":3,"column":33},"end":{"line":13,"column":1}}},"1":{"name":"(anonymous_1)","decl":{"start":{"line":5,"column":26},"end":{"line":5,"column":29}},"loc":{"start":{"line":5,"column":32},"end":{"line":5,"column":54}}},"2":{"name":"(anonymous_2)","decl":{"start":{"line":5,"column":41},"end":{"line":5,"column":42}},"loc":{"start":{"line":5,"column":48},"end":{"line":5,"column":53}}},"3":{"name":"(anonymous_3)","decl":{"start":{"line":6,"column":26},"end":{"line":6,"column":29}},"loc":{"start":{"line":6,"column":32},"end":{"line":6,"column":54}}},"4":{"name":"(anonymous_4)","decl":{"start":{"line":6,"column":41},"end":{"line":6,"column":42}},"loc":{"start":{"line":6,"column":48},"end":{"line":6,"column":53}}}},"branchMap":{"0":{"loc":{"start":{"line":4,"column":37},"end":{"line":4,"column":41}},"type":"binary-expr","locations":[{"start":{"line":4,"column":37},"end":{"line":4,"column":41}},{"start":{"line":4,"column":45},"end":{"line":4,"column":46}}]}},"s":{"0":1,"1":7,"2":7,"3":1,"4":1,"5":7,"6":1,"7":1,"8":7,"9":1},"f":{"0":7,"1":1,"2":1,"3":1,"4":1},"b":{"0":[7,1]}}
}
